{"level":"dev.error","timestamp":"2024-02-26 15:08:56.055","logger":"authenticationService","caller":"bootstrap/log.go:48","msg":"测试认证服务logger"}
{"level":"dev.error","timestamp":"2024-02-26 15:20:40.015","logger":"authenticationService","caller":"bootstrap/rabbitmq.go:44","msg":"testerror"}
{"level":"dev.error","timestamp":"2024-02-26 15:25:48.219","logger":"authenticationService","caller":"bootstrap/rabbitmq.go:44","msg":"testerror"}
{"level":"dev.error","timestamp":"2024-02-26 15:25:50.920","logger":"authenticationService","caller":"bootstrap/rabbitmq.go:44","msg":"testerror"}
{"level":"dev.error","timestamp":"2024-02-26 18:50:16.211","logger":"authenticationService","caller":"bootstrap/rabbitmq.go:44","msg":"发送请求错误 - 错误详情: Post \"/client/loginbypvc\": unsupported protocol scheme \"\""}
{"level":"dev.error","timestamp":"2024-02-26 18:50:58.075","logger":"authenticationService","caller":"bootstrap/rabbitmq.go:44","msg":"发送请求错误 - 错误详情: Post \"/client/loginbypvc\": unsupported protocol scheme \"\""}
{"level":"dev.error","timestamp":"2024-02-26 18:51:13.122","logger":"authenticationService","caller":"bootstrap/rabbitmq.go:44","msg":"发送请求错误 - 错误详情: Post \"/client/loginbypvc\": unsupported protocol scheme \"\""}
{"level":"dev.error","timestamp":"2024-02-26 18:55:56.891","logger":"authenticationService","caller":"bootstrap/rabbitmq.go:44","msg":"发送请求错误 - 错误详情: Post \"http://127.0.0.1:19999/client/loginbypvc\": dial tcp 127.0.0.1:19999: connect: connection refused"}
{"level":"dev.error","timestamp":"2024-02-26 18:57:01.805","logger":"authenticationService","caller":"bootstrap/rabbitmq.go:44","msg":"发送请求错误 - 错误详情: Post \"http://127.0.0.1:19999//client/loginbypvc\": dial tcp 127.0.0.1:19999: connect: connection refused"}
{"level":"dev.error","timestamp":"2024-02-26 23:06:30.603","logger":"authenticationService","caller":"bootstrap/rabbitmq.go:44","msg":"发送请求错误 - 错误详情: Post \"\": unsupported protocol scheme \"\""}
{"level":"dev.error","timestamp":"2024-02-26 23:06:32.952","logger":"authenticationService","caller":"bootstrap/rabbitmq.go:44","msg":"发送请求错误 - 错误详情: Post \"\": unsupported protocol scheme \"\""}
{"level":"dev.error","timestamp":"2024-02-26 23:06:34.056","logger":"authenticationService","caller":"bootstrap/rabbitmq.go:44","msg":"发送请求错误 - 错误详情: Post \"\": unsupported protocol scheme \"\""}
{"level":"dev.error","timestamp":"2024-02-26 23:06:35.065","logger":"authenticationService","caller":"bootstrap/rabbitmq.go:44","msg":"发送请求错误 - 错误详情: Post \"\": unsupported protocol scheme \"\""}
{"level":"dev.error","timestamp":"2024-02-26 23:06:35.756","logger":"authenticationService","caller":"bootstrap/rabbitmq.go:44","msg":"发送请求错误 - 错误详情: Post \"\": unsupported protocol scheme \"\""}
{"level":"dev.error","timestamp":"2024-02-26 23:06:36.309","logger":"authenticationService","caller":"bootstrap/rabbitmq.go:44","msg":"发送请求错误 - 错误详情: Post \"\": unsupported protocol scheme \"\""}
{"level":"dev.error","timestamp":"2024-02-26 23:08:51.049","logger":"authenticationService","caller":"bootstrap/rabbitmq.go:44","msg":"发送请求错误 - 错误详情: Post \"\": unsupported protocol scheme \"\""}
{"level":"dev.error","timestamp":"2024-02-26 23:09:50.643","logger":"authenticationService","caller":"bootstrap/rabbitmq.go:44","msg":"发送请求错误 - 错误详情: Post \"\": unsupported protocol scheme \"\""}
{"level":"dev.error","timestamp":"2024-02-26 23:10:12.511","logger":"authenticationService","caller":"bootstrap/rabbitmq.go:44","msg":"发送请求错误 - 错误详情: Post \"\": unsupported protocol scheme \"\""}
{"level":"dev.error","timestamp":"2024-02-26 23:10:41.862","logger":"authenticationService","caller":"bootstrap/rabbitmq.go:44","msg":"发送请求错误 - 错误详情: Post \"\": unsupported protocol scheme \"\""}
{"level":"dev.error","timestamp":"2024-02-26 23:13:24.267","logger":"authenticationService","caller":"bootstrap/rabbitmq.go:44","msg":"转发错误 - 错误详情: json: Unmarshal(nil *global.Response)"}
{"level":"dev.error","timestamp":"2024-02-26 23:16:31.226","logger":"authenticationService","caller":"bootstrap/rabbitmq.go:44","msg":"转发错误 - 错误详情: json: Unmarshal(nil)"}
{"level":"dev.error","timestamp":"2024-02-27 18:10:23.778","logger":"authenticationService","caller":"bootstrap/rabbitmq.go:45","msg":"登录返回数据格式错误"}
{"level":"dev.error","timestamp":"2024-02-27 18:11:51.580","logger":"authenticationService","caller":"bootstrap/rabbitmq.go:45","msg":"登录返回数据格式错误"}
{"level":"dev.error","timestamp":"2024-02-27 18:13:28.041","logger":"authenticationService","caller":"bootstrap/rabbitmq.go:45","msg":"登录返回数据格式错误"}
{"level":"dev.error","timestamp":"2024-02-27 18:22:42.625","logger":"authenticationService","caller":"bootstrap/rabbitmq.go:45","msg":"生成令牌出错 - 错误详情: key is of invalid type"}
